  [4;36;1mSQL (0.2ms)[0m   [0;1m SELECT name
 FROM sqlite_master
 WHERE type = 'table' AND NOT name = 'sqlite_sequence'
[0m
  [4;35;1mSQL (0.1ms)[0m   [0mselect sqlite_version(*)[0m
  [4;36;1mSQL (1.5ms)[0m   [0;1mCREATE TABLE "schema_migrations" ("version" varchar(255) NOT NULL) [0m
  [4;35;1mSQL (0.1ms)[0m   [0mPRAGMA index_list("schema_migrations")[0m
  [4;36;1mSQL (2.1ms)[0m   [0;1mCREATE UNIQUE INDEX "unique_schema_migrations" ON "schema_migrations" ("version")[0m
  [4;35;1mSQL (0.3ms)[0m   [0m SELECT name
 FROM sqlite_master
 WHERE type = 'table' AND NOT name = 'sqlite_sequence'
[0m
  [4;36;1mSQL (0.1ms)[0m   [0;1mSELECT version FROM schema_migrations[0m
Migrating to CreateExamples (20101221182120)
  [4;35;1mSQL (0.4ms)[0m   [0mCREATE TABLE "examples" ("id" INTEGER PRIMARY KEY AUTOINCREMENT NOT NULL, "name" varchar(255), "created_at" datetime, "updated_at" datetime) [0m
  [4;36;1mSQL (0.1ms)[0m   [0;1mINSERT INTO schema_migrations (version) VALUES ('20101221182120')[0m
  [4;35;1mSQL (0.3ms)[0m   [0m SELECT name
 FROM sqlite_master
 WHERE type = 'table' AND NOT name = 'sqlite_sequence'
[0m
  [4;36;1mSQL (0.2ms)[0m   [0;1mSELECT version FROM schema_migrations[0m
  [4;35;1mSQL (0.2ms)[0m   [0m SELECT name
 FROM sqlite_master
 WHERE type = 'table' AND NOT name = 'sqlite_sequence'
[0m
  [4;36;1mSQL (0.1ms)[0m   [0;1mPRAGMA index_list("examples")[0m


Processing ApplicationController#index (for 127.0.0.1 at 2010-12-21 13:22:02) [GET]

ActionController::RoutingError (No route matches "/Example/list" with {:method=>:get}):
  /Users/MacbookPro/.rvm/rubies/ruby-1.8.7-p302/lib/ruby/1.8/webrick/httpserver.rb:104:in `service'
  /Users/MacbookPro/.rvm/rubies/ruby-1.8.7-p302/lib/ruby/1.8/webrick/httpserver.rb:65:in `run'
  /Users/MacbookPro/.rvm/rubies/ruby-1.8.7-p302/lib/ruby/1.8/webrick/server.rb:173:in `start_thread'
  /Users/MacbookPro/.rvm/rubies/ruby-1.8.7-p302/lib/ruby/1.8/webrick/server.rb:162:in `start'
  /Users/MacbookPro/.rvm/rubies/ruby-1.8.7-p302/lib/ruby/1.8/webrick/server.rb:162:in `start_thread'
  /Users/MacbookPro/.rvm/rubies/ruby-1.8.7-p302/lib/ruby/1.8/webrick/server.rb:95:in `start'
  /Users/MacbookPro/.rvm/rubies/ruby-1.8.7-p302/lib/ruby/1.8/webrick/server.rb:92:in `each'
  /Users/MacbookPro/.rvm/rubies/ruby-1.8.7-p302/lib/ruby/1.8/webrick/server.rb:92:in `start'
  /Users/MacbookPro/.rvm/rubies/ruby-1.8.7-p302/lib/ruby/1.8/webrick/server.rb:23:in `start'
  /Users/MacbookPro/.rvm/rubies/ruby-1.8.7-p302/lib/ruby/1.8/webrick/server.rb:82:in `start'

Rendering rescues/layout (not_found)


Processing ApplicationController#index (for 127.0.0.1 at 2010-12-21 13:22:05) [GET]

ActionController::RoutingError (No route matches "/Example" with {:method=>:get}):
  /Users/MacbookPro/.rvm/rubies/ruby-1.8.7-p302/lib/ruby/1.8/webrick/httpserver.rb:104:in `service'
  /Users/MacbookPro/.rvm/rubies/ruby-1.8.7-p302/lib/ruby/1.8/webrick/httpserver.rb:65:in `run'
  /Users/MacbookPro/.rvm/rubies/ruby-1.8.7-p302/lib/ruby/1.8/webrick/server.rb:173:in `start_thread'
  /Users/MacbookPro/.rvm/rubies/ruby-1.8.7-p302/lib/ruby/1.8/webrick/server.rb:162:in `start'
  /Users/MacbookPro/.rvm/rubies/ruby-1.8.7-p302/lib/ruby/1.8/webrick/server.rb:162:in `start_thread'
  /Users/MacbookPro/.rvm/rubies/ruby-1.8.7-p302/lib/ruby/1.8/webrick/server.rb:95:in `start'
  /Users/MacbookPro/.rvm/rubies/ruby-1.8.7-p302/lib/ruby/1.8/webrick/server.rb:92:in `each'
  /Users/MacbookPro/.rvm/rubies/ruby-1.8.7-p302/lib/ruby/1.8/webrick/server.rb:92:in `start'
  /Users/MacbookPro/.rvm/rubies/ruby-1.8.7-p302/lib/ruby/1.8/webrick/server.rb:23:in `start'
  /Users/MacbookPro/.rvm/rubies/ruby-1.8.7-p302/lib/ruby/1.8/webrick/server.rb:82:in `start'

Rendering rescues/layout (not_found)


Processing ExamplesController#index (for 127.0.0.1 at 2010-12-21 13:22:08) [GET]
  [4;36;1mExample Load (0.4ms)[0m   [0;1mSELECT * FROM "examples" [0m
Rendering template within layouts/examples
Rendering examples/index
Completed in 17ms (View: 13, DB: 0) | 200 OK [http://localhost/Examples]


Processing ExamplesController#new (for 127.0.0.1 at 2010-12-21 13:22:11) [GET]
Rendering template within layouts/examples
Rendering examples/new
Completed in 13ms (View: 9, DB: 0) | 200 OK [http://localhost/examples/new]


Processing ExamplesController#create (for 127.0.0.1 at 2010-12-21 13:22:14) [POST]
  Parameters: {"example"=>{"name"=>"Testing"}, "commit"=>"Create", "authenticity_token"=>"tn9SEf4gopt9BA8QIkrNQDg2GICRYMx96f1sri7HEt0="}
  [4;35;1mExample Create (0.5ms)[0m   [0mINSERT INTO "examples" ("name", "created_at", "updated_at") VALUES('Testing', '2010-12-21 18:22:14', '2010-12-21 18:22:14')[0m
Redirected to http://localhost:3000/examples/1
Completed in 10ms (DB: 0) | 302 Found [http://localhost/examples]


Processing ExamplesController#show (for 127.0.0.1 at 2010-12-21 13:22:14) [GET]
  Parameters: {"id"=>"1"}
  [4;36;1mExample Load (0.2ms)[0m   [0;1mSELECT * FROM "examples" WHERE ("examples"."id" = 1) [0m
Rendering template within layouts/examples
Rendering examples/show
Completed in 11ms (View: 6, DB: 0) | 200 OK [http://localhost/examples/1]


Processing ExamplesController#index (for 127.0.0.1 at 2010-12-21 13:22:17) [GET]
  [4;35;1mExample Load (0.4ms)[0m   [0mSELECT * FROM "examples" [0m
Rendering template within layouts/examples
Rendering examples/index
Completed in 9ms (View: 5, DB: 0) | 200 OK [http://localhost/examples]


Processing ExamplesController#new (for 127.0.0.1 at 2010-12-21 13:22:19) [GET]
Rendering template within layouts/examples
Rendering examples/new
Completed in 10ms (View: 6, DB: 0) | 200 OK [http://localhost/examples/new]


Processing ExamplesController#create (for 127.0.0.1 at 2010-12-21 13:22:24) [POST]
  Parameters: {"example"=>{"name"=>"Foo"}, "commit"=>"Create", "authenticity_token"=>"tn9SEf4gopt9BA8QIkrNQDg2GICRYMx96f1sri7HEt0="}
  [4;36;1mExample Create (0.4ms)[0m   [0;1mINSERT INTO "examples" ("name", "created_at", "updated_at") VALUES('Foo', '2010-12-21 18:22:24', '2010-12-21 18:22:24')[0m
Redirected to http://localhost:3000/examples/2
Completed in 10ms (DB: 0) | 302 Found [http://localhost/examples]


Processing ExamplesController#show (for 127.0.0.1 at 2010-12-21 13:22:24) [GET]
  Parameters: {"id"=>"2"}
  [4;35;1mExample Load (0.2ms)[0m   [0mSELECT * FROM "examples" WHERE ("examples"."id" = 2) [0m
Rendering template within layouts/examples
Rendering examples/show
Completed in 7ms (View: 2, DB: 0) | 200 OK [http://localhost/examples/2]


Processing ExamplesController#index (for 127.0.0.1 at 2010-12-21 13:22:25) [GET]
  [4;36;1mExample Load (0.4ms)[0m   [0;1mSELECT * FROM "examples" [0m
Rendering template within layouts/examples
Rendering examples/index
Completed in 10ms (View: 6, DB: 0) | 200 OK [http://localhost/examples]


Processing ExamplesController#new (for 127.0.0.1 at 2010-12-21 13:22:26) [GET]
Rendering template within layouts/examples
Rendering examples/new
Completed in 9ms (View: 5, DB: 0) | 200 OK [http://localhost/examples/new]


Processing ExamplesController#create (for 127.0.0.1 at 2010-12-21 13:22:29) [POST]
  Parameters: {"example"=>{"name"=>"Bar"}, "commit"=>"Create", "authenticity_token"=>"tn9SEf4gopt9BA8QIkrNQDg2GICRYMx96f1sri7HEt0="}
  [4;35;1mExample Create (0.4ms)[0m   [0mINSERT INTO "examples" ("name", "created_at", "updated_at") VALUES('Bar', '2010-12-21 18:22:29', '2010-12-21 18:22:29')[0m
Redirected to http://localhost:3000/examples/3
Completed in 10ms (DB: 0) | 302 Found [http://localhost/examples]


Processing ExamplesController#show (for 127.0.0.1 at 2010-12-21 13:22:29) [GET]
  Parameters: {"id"=>"3"}
  [4;36;1mExample Load (0.2ms)[0m   [0;1mSELECT * FROM "examples" WHERE ("examples"."id" = 3) [0m
Rendering template within layouts/examples
Rendering examples/show
Completed in 6ms (View: 2, DB: 0) | 200 OK [http://localhost/examples/3]


Processing ExamplesController#index (for 127.0.0.1 at 2010-12-21 13:22:30) [GET]
  [4;35;1mExample Load (0.5ms)[0m   [0mSELECT * FROM "examples" [0m
Rendering template within layouts/examples
Rendering examples/index
Completed in 12ms (View: 8, DB: 0) | 200 OK [http://localhost/examples]


Processing ExamplesController#index (for 127.0.0.1 at 2010-12-21 13:23:50) [GET]
  [4;36;1mExample Load (0.6ms)[0m   [0;1mSELECT * FROM "examples" [0m
Rendering template within layouts/examples
Rendering examples/index
Completed in 12ms (View: 8, DB: 1) | 200 OK [http://localhost/examples]


Processing ExamplesController#index (for 127.0.0.1 at 2010-12-21 13:49:05) [GET]
  [4;35;1mExample Load (0.5ms)[0m   [0mSELECT * FROM "examples" [0m

RuntimeError (This is my exception):
  app/controllers/examples_controller.rb:6:in `index'
  /Users/MacbookPro/.rvm/rubies/ruby-1.8.7-p302/lib/ruby/1.8/webrick/httpserver.rb:104:in `service'
  /Users/MacbookPro/.rvm/rubies/ruby-1.8.7-p302/lib/ruby/1.8/webrick/httpserver.rb:65:in `run'
  /Users/MacbookPro/.rvm/rubies/ruby-1.8.7-p302/lib/ruby/1.8/webrick/server.rb:173:in `start_thread'
  /Users/MacbookPro/.rvm/rubies/ruby-1.8.7-p302/lib/ruby/1.8/webrick/server.rb:162:in `start'
  /Users/MacbookPro/.rvm/rubies/ruby-1.8.7-p302/lib/ruby/1.8/webrick/server.rb:162:in `start_thread'
  /Users/MacbookPro/.rvm/rubies/ruby-1.8.7-p302/lib/ruby/1.8/webrick/server.rb:95:in `start'
  /Users/MacbookPro/.rvm/rubies/ruby-1.8.7-p302/lib/ruby/1.8/webrick/server.rb:92:in `each'
  /Users/MacbookPro/.rvm/rubies/ruby-1.8.7-p302/lib/ruby/1.8/webrick/server.rb:92:in `start'
  /Users/MacbookPro/.rvm/rubies/ruby-1.8.7-p302/lib/ruby/1.8/webrick/server.rb:23:in `start'
  /Users/MacbookPro/.rvm/rubies/ruby-1.8.7-p302/lib/ruby/1.8/webrick/server.rb:82:in `start'

Rendered rescues/_trace (33.5ms)
Rendered rescues/_request_and_response (1.0ms)
Rendering rescues/layout (internal_server_error)


Processing ExamplesController#index (for 127.0.0.1 at 2010-12-21 13:56:15) [GET]
  [4;36;1mExample Load (0.5ms)[0m   [0;1mSELECT * FROM "examples" [0m

RuntimeError (This is my exception):
  app/controllers/examples_controller.rb:6:in `index'
  /Users/MacbookPro/.rvm/rubies/ruby-1.8.7-p302/lib/ruby/1.8/webrick/httpserver.rb:104:in `service'
  /Users/MacbookPro/.rvm/rubies/ruby-1.8.7-p302/lib/ruby/1.8/webrick/httpserver.rb:65:in `run'
  /Users/MacbookPro/.rvm/rubies/ruby-1.8.7-p302/lib/ruby/1.8/webrick/server.rb:173:in `start_thread'
  /Users/MacbookPro/.rvm/rubies/ruby-1.8.7-p302/lib/ruby/1.8/webrick/server.rb:162:in `start'
  /Users/MacbookPro/.rvm/rubies/ruby-1.8.7-p302/lib/ruby/1.8/webrick/server.rb:162:in `start_thread'
  /Users/MacbookPro/.rvm/rubies/ruby-1.8.7-p302/lib/ruby/1.8/webrick/server.rb:95:in `start'
  /Users/MacbookPro/.rvm/rubies/ruby-1.8.7-p302/lib/ruby/1.8/webrick/server.rb:92:in `each'
  /Users/MacbookPro/.rvm/rubies/ruby-1.8.7-p302/lib/ruby/1.8/webrick/server.rb:92:in `start'
  /Users/MacbookPro/.rvm/rubies/ruby-1.8.7-p302/lib/ruby/1.8/webrick/server.rb:23:in `start'
  /Users/MacbookPro/.rvm/rubies/ruby-1.8.7-p302/lib/ruby/1.8/webrick/server.rb:82:in `start'

Rendered rescues/_trace (33.0ms)
Rendered rescues/_request_and_response (0.3ms)
Rendering rescues/layout (internal_server_error)


Processing ExamplesController#index (for 127.0.0.1 at 2010-12-21 13:56:17) [GET]
  [4;35;1mExample Load (0.5ms)[0m   [0mSELECT * FROM "examples" [0m

RuntimeError (This is my exception):
  app/controllers/examples_controller.rb:6:in `index'
  /Users/MacbookPro/.rvm/rubies/ruby-1.8.7-p302/lib/ruby/1.8/webrick/httpserver.rb:104:in `service'
  /Users/MacbookPro/.rvm/rubies/ruby-1.8.7-p302/lib/ruby/1.8/webrick/httpserver.rb:65:in `run'
  /Users/MacbookPro/.rvm/rubies/ruby-1.8.7-p302/lib/ruby/1.8/webrick/server.rb:173:in `start_thread'
  /Users/MacbookPro/.rvm/rubies/ruby-1.8.7-p302/lib/ruby/1.8/webrick/server.rb:162:in `start'
  /Users/MacbookPro/.rvm/rubies/ruby-1.8.7-p302/lib/ruby/1.8/webrick/server.rb:162:in `start_thread'
  /Users/MacbookPro/.rvm/rubies/ruby-1.8.7-p302/lib/ruby/1.8/webrick/server.rb:95:in `start'
  /Users/MacbookPro/.rvm/rubies/ruby-1.8.7-p302/lib/ruby/1.8/webrick/server.rb:92:in `each'
  /Users/MacbookPro/.rvm/rubies/ruby-1.8.7-p302/lib/ruby/1.8/webrick/server.rb:92:in `start'
  /Users/MacbookPro/.rvm/rubies/ruby-1.8.7-p302/lib/ruby/1.8/webrick/server.rb:23:in `start'
  /Users/MacbookPro/.rvm/rubies/ruby-1.8.7-p302/lib/ruby/1.8/webrick/server.rb:82:in `start'

Rendered rescues/_trace (32.6ms)
Rendered rescues/_request_and_response (0.3ms)
Rendering rescues/layout (internal_server_error)


Processing ExamplesController#index (for 127.0.0.1 at 2010-12-21 13:56:28) [GET]
  [4;36;1mExample Load (0.6ms)[0m   [0;1mSELECT * FROM "examples" [0m

RuntimeError (This is my exception):
  app/controllers/examples_controller.rb:6:in `index'
  /Users/MacbookPro/.rvm/rubies/ruby-1.8.7-p302/lib/ruby/1.8/webrick/httpserver.rb:104:in `service'
  /Users/MacbookPro/.rvm/rubies/ruby-1.8.7-p302/lib/ruby/1.8/webrick/httpserver.rb:65:in `run'
  /Users/MacbookPro/.rvm/rubies/ruby-1.8.7-p302/lib/ruby/1.8/webrick/server.rb:173:in `start_thread'
  /Users/MacbookPro/.rvm/rubies/ruby-1.8.7-p302/lib/ruby/1.8/webrick/server.rb:162:in `start'
  /Users/MacbookPro/.rvm/rubies/ruby-1.8.7-p302/lib/ruby/1.8/webrick/server.rb:162:in `start_thread'
  /Users/MacbookPro/.rvm/rubies/ruby-1.8.7-p302/lib/ruby/1.8/webrick/server.rb:95:in `start'
  /Users/MacbookPro/.rvm/rubies/ruby-1.8.7-p302/lib/ruby/1.8/webrick/server.rb:92:in `each'
  /Users/MacbookPro/.rvm/rubies/ruby-1.8.7-p302/lib/ruby/1.8/webrick/server.rb:92:in `start'
  /Users/MacbookPro/.rvm/rubies/ruby-1.8.7-p302/lib/ruby/1.8/webrick/server.rb:23:in `start'
  /Users/MacbookPro/.rvm/rubies/ruby-1.8.7-p302/lib/ruby/1.8/webrick/server.rb:82:in `start'

Rendered rescues/_trace (91.4ms)
Rendered rescues/_request_and_response (1.0ms)
Rendering rescues/layout (internal_server_error)


Processing ExamplesController#index (for 127.0.0.1 at 2010-12-21 14:02:41) [GET]
  [4;35;1mExample Load (0.5ms)[0m   [0mSELECT * FROM "examples" [0m

RuntimeError (This is my exception):
  app/controllers/examples_controller.rb:6:in `index'
  /Users/MacbookPro/.rvm/rubies/ruby-1.8.7-p302/lib/ruby/1.8/webrick/httpserver.rb:104:in `service'
  /Users/MacbookPro/.rvm/rubies/ruby-1.8.7-p302/lib/ruby/1.8/webrick/httpserver.rb:65:in `run'
  /Users/MacbookPro/.rvm/rubies/ruby-1.8.7-p302/lib/ruby/1.8/webrick/server.rb:173:in `start_thread'
  /Users/MacbookPro/.rvm/rubies/ruby-1.8.7-p302/lib/ruby/1.8/webrick/server.rb:162:in `start'
  /Users/MacbookPro/.rvm/rubies/ruby-1.8.7-p302/lib/ruby/1.8/webrick/server.rb:162:in `start_thread'
  /Users/MacbookPro/.rvm/rubies/ruby-1.8.7-p302/lib/ruby/1.8/webrick/server.rb:95:in `start'
  /Users/MacbookPro/.rvm/rubies/ruby-1.8.7-p302/lib/ruby/1.8/webrick/server.rb:92:in `each'
  /Users/MacbookPro/.rvm/rubies/ruby-1.8.7-p302/lib/ruby/1.8/webrick/server.rb:92:in `start'
  /Users/MacbookPro/.rvm/rubies/ruby-1.8.7-p302/lib/ruby/1.8/webrick/server.rb:23:in `start'
  /Users/MacbookPro/.rvm/rubies/ruby-1.8.7-p302/lib/ruby/1.8/webrick/server.rb:82:in `start'

Rendering /workspace/learn_rails_2_3/exceptions/top_level_exceptions/public/500.html (500 Internal Server Error)


Processing ExamplesController#index (for 127.0.0.1 at 2010-12-21 14:07:29) [GET]
  [4;36;1mExample Load (0.5ms)[0m   [0;1mSELECT * FROM "examples" [0m

RuntimeError (This is my exception):
  app/controllers/examples_controller.rb:6:in `index'
  /Users/MacbookPro/.rvm/rubies/ruby-1.8.7-p302/lib/ruby/1.8/webrick/httpserver.rb:104:in `service'
  /Users/MacbookPro/.rvm/rubies/ruby-1.8.7-p302/lib/ruby/1.8/webrick/httpserver.rb:65:in `run'
  /Users/MacbookPro/.rvm/rubies/ruby-1.8.7-p302/lib/ruby/1.8/webrick/server.rb:173:in `start_thread'
  /Users/MacbookPro/.rvm/rubies/ruby-1.8.7-p302/lib/ruby/1.8/webrick/server.rb:162:in `start'
  /Users/MacbookPro/.rvm/rubies/ruby-1.8.7-p302/lib/ruby/1.8/webrick/server.rb:162:in `start_thread'
  /Users/MacbookPro/.rvm/rubies/ruby-1.8.7-p302/lib/ruby/1.8/webrick/server.rb:95:in `start'
  /Users/MacbookPro/.rvm/rubies/ruby-1.8.7-p302/lib/ruby/1.8/webrick/server.rb:92:in `each'
  /Users/MacbookPro/.rvm/rubies/ruby-1.8.7-p302/lib/ruby/1.8/webrick/server.rb:92:in `start'
  /Users/MacbookPro/.rvm/rubies/ruby-1.8.7-p302/lib/ruby/1.8/webrick/server.rb:23:in `start'
  /Users/MacbookPro/.rvm/rubies/ruby-1.8.7-p302/lib/ruby/1.8/webrick/server.rb:82:in `start'



Processing ApplicationController#index (for 127.0.0.1 at 2010-12-21 14:07:29) [GET]

NameError (undefined local variable or method `root_url' for #<ExamplesController:0x103555420>):
  app/controllers/application_controller.rb:9:in `rescue_action_in_public'
  /Users/MacbookPro/.rvm/rubies/ruby-1.8.7-p302/lib/ruby/1.8/webrick/httpserver.rb:104:in `service'
  /Users/MacbookPro/.rvm/rubies/ruby-1.8.7-p302/lib/ruby/1.8/webrick/httpserver.rb:65:in `run'
  /Users/MacbookPro/.rvm/rubies/ruby-1.8.7-p302/lib/ruby/1.8/webrick/server.rb:173:in `start_thread'
  /Users/MacbookPro/.rvm/rubies/ruby-1.8.7-p302/lib/ruby/1.8/webrick/server.rb:162:in `start'
  /Users/MacbookPro/.rvm/rubies/ruby-1.8.7-p302/lib/ruby/1.8/webrick/server.rb:162:in `start_thread'
  /Users/MacbookPro/.rvm/rubies/ruby-1.8.7-p302/lib/ruby/1.8/webrick/server.rb:95:in `start'
  /Users/MacbookPro/.rvm/rubies/ruby-1.8.7-p302/lib/ruby/1.8/webrick/server.rb:92:in `each'
  /Users/MacbookPro/.rvm/rubies/ruby-1.8.7-p302/lib/ruby/1.8/webrick/server.rb:92:in `start'
  /Users/MacbookPro/.rvm/rubies/ruby-1.8.7-p302/lib/ruby/1.8/webrick/server.rb:23:in `start'
  /Users/MacbookPro/.rvm/rubies/ruby-1.8.7-p302/lib/ruby/1.8/webrick/server.rb:82:in `start'

/!\ FAILSAFE /!\  Tue Dec 21 14:07:29 -0500 2010
  Status: 500 Internal Server Error
  undefined local variable or method `root_url' for #<ApplicationController:0x1034d5658>
    /workspace/learn_rails_2_3/exceptions/top_level_exceptions/app/controllers/application_controller.rb:9:in `rescue_action_in_public'
    /Users/MacbookPro/.rvm/gems/ruby-1.8.7-p302@relusions/gems/actionpack-2.3.8/lib/action_controller/rescue.rb:154:in `rescue_action_without_handler'
    /Users/MacbookPro/.rvm/gems/ruby-1.8.7-p302@relusions/gems/actionpack-2.3.8/lib/action_controller/rescue.rb:74:in `rescue_action'
    /Users/MacbookPro/.rvm/gems/ruby-1.8.7-p302@relusions/gems/actionpack-2.3.8/lib/action_controller/base.rb:532:in `send'
    /Users/MacbookPro/.rvm/gems/ruby-1.8.7-p302@relusions/gems/actionpack-2.3.8/lib/action_controller/base.rb:532:in `process_without_filters'
    /Users/MacbookPro/.rvm/gems/ruby-1.8.7-p302@relusions/gems/actionpack-2.3.8/lib/action_controller/filters.rb:606:in `process'
    /Users/MacbookPro/.rvm/gems/ruby-1.8.7-p302@relusions/gems/actionpack-2.3.8/lib/action_controller/rescue.rb:65:in `call_with_exception'
    /Users/MacbookPro/.rvm/gems/ruby-1.8.7-p302@relusions/gems/actionpack-2.3.8/lib/action_controller/dispatcher.rb:90:in `dispatch'
    /Users/MacbookPro/.rvm/gems/ruby-1.8.7-p302@relusions/gems/actionpack-2.3.8/lib/action_controller/dispatcher.rb:121:in `_call'
    /Users/MacbookPro/.rvm/gems/ruby-1.8.7-p302@relusions/gems/actionpack-2.3.8/lib/action_controller/dispatcher.rb:130:in `build_middleware_stack'
    /Users/MacbookPro/.rvm/gems/ruby-1.8.7-p302@relusions/gems/activerecord-2.3.8/lib/active_record/query_cache.rb:29:in `call'
    /Users/MacbookPro/.rvm/gems/ruby-1.8.7-p302@relusions/gems/activerecord-2.3.8/lib/active_record/query_cache.rb:29:in `call'
    /Users/MacbookPro/.rvm/gems/ruby-1.8.7-p302@relusions/gems/activerecord-2.3.8/lib/active_record/connection_adapters/abstract/query_cache.rb:34:in `cache'
    /Users/MacbookPro/.rvm/gems/ruby-1.8.7-p302@relusions/gems/activerecord-2.3.8/lib/active_record/query_cache.rb:9:in `cache'
    /Users/MacbookPro/.rvm/gems/ruby-1.8.7-p302@relusions/gems/activerecord-2.3.8/lib/active_record/query_cache.rb:28:in `call'
    /Users/MacbookPro/.rvm/gems/ruby-1.8.7-p302@relusions/gems/activerecord-2.3.8/lib/active_record/connection_adapters/abstract/connection_pool.rb:361:in `call'
    /Users/MacbookPro/.rvm/gems/ruby-1.8.7-p302@relusions/gems/actionpack-2.3.8/lib/action_controller/string_coercion.rb:25:in `call'
    /Users/MacbookPro/.rvm/gems/ruby-1.8.7-p302@relusions/gems/rack-1.1.0/lib/rack/head.rb:9:in `call'
    /Users/MacbookPro/.rvm/gems/ruby-1.8.7-p302@relusions/gems/rack-1.1.0/lib/rack/methodoverride.rb:24:in `call'
    /Users/MacbookPro/.rvm/gems/ruby-1.8.7-p302@relusions/gems/actionpack-2.3.8/lib/action_controller/params_parser.rb:15:in `call'
    /Users/MacbookPro/.rvm/gems/ruby-1.8.7-p302@relusions/gems/actionpack-2.3.8/lib/action_controller/session/cookie_store.rb:99:in `call'
    /Users/MacbookPro/.rvm/gems/ruby-1.8.7-p302@relusions/gems/actionpack-2.3.8/lib/action_controller/failsafe.rb:26:in `call'
    /Users/MacbookPro/.rvm/gems/ruby-1.8.7-p302@relusions/gems/rack-1.1.0/lib/rack/lock.rb:11:in `call'
    /Users/MacbookPro/.rvm/gems/ruby-1.8.7-p302@relusions/gems/rack-1.1.0/lib/rack/lock.rb:11:in `synchronize'
    /Users/MacbookPro/.rvm/gems/ruby-1.8.7-p302@relusions/gems/rack-1.1.0/lib/rack/lock.rb:11:in `call'
    /Users/MacbookPro/.rvm/gems/ruby-1.8.7-p302@relusions/gems/actionpack-2.3.8/lib/action_controller/dispatcher.rb:114:in `call'
    /Users/MacbookPro/.rvm/gems/ruby-1.8.7-p302@relusions/gems/actionpack-2.3.8/lib/action_controller/reloader.rb:34:in `run'
    /Users/MacbookPro/.rvm/gems/ruby-1.8.7-p302@relusions/gems/actionpack-2.3.8/lib/action_controller/dispatcher.rb:108:in `call'
    /Users/MacbookPro/.rvm/gems/ruby-1.8.7-p302@relusions/gems/rails-2.3.8/lib/rails/rack/static.rb:31:in `call'
    /Users/MacbookPro/.rvm/gems/ruby-1.8.7-p302@relusions/gems/rack-1.1.0/lib/rack/urlmap.rb:47:in `call'
    /Users/MacbookPro/.rvm/gems/ruby-1.8.7-p302@relusions/gems/rack-1.1.0/lib/rack/urlmap.rb:41:in `each'
    /Users/MacbookPro/.rvm/gems/ruby-1.8.7-p302@relusions/gems/rack-1.1.0/lib/rack/urlmap.rb:41:in `call'
    /Users/MacbookPro/.rvm/gems/ruby-1.8.7-p302@relusions/gems/rails-2.3.8/lib/rails/rack/log_tailer.rb:17:in `call'
    /Users/MacbookPro/.rvm/gems/ruby-1.8.7-p302@relusions/gems/rack-1.1.0/lib/rack/content_length.rb:13:in `call'
    /Users/MacbookPro/.rvm/gems/ruby-1.8.7-p302@relusions/gems/rack-1.1.0/lib/rack/handler/webrick.rb:48:in `service'
    /Users/MacbookPro/.rvm/rubies/ruby-1.8.7-p302/lib/ruby/1.8/webrick/httpserver.rb:104:in `service'
    /Users/MacbookPro/.rvm/rubies/ruby-1.8.7-p302/lib/ruby/1.8/webrick/httpserver.rb:65:in `run'
    /Users/MacbookPro/.rvm/rubies/ruby-1.8.7-p302/lib/ruby/1.8/webrick/server.rb:173:in `start_thread'
    /Users/MacbookPro/.rvm/rubies/ruby-1.8.7-p302/lib/ruby/1.8/webrick/server.rb:162:in `start'
    /Users/MacbookPro/.rvm/rubies/ruby-1.8.7-p302/lib/ruby/1.8/webrick/server.rb:162:in `start_thread'
    /Users/MacbookPro/.rvm/rubies/ruby-1.8.7-p302/lib/ruby/1.8/webrick/server.rb:95:in `start'
    /Users/MacbookPro/.rvm/rubies/ruby-1.8.7-p302/lib/ruby/1.8/webrick/server.rb:92:in `each'
    /Users/MacbookPro/.rvm/rubies/ruby-1.8.7-p302/lib/ruby/1.8/webrick/server.rb:92:in `start'
    /Users/MacbookPro/.rvm/rubies/ruby-1.8.7-p302/lib/ruby/1.8/webrick/server.rb:23:in `start'
    /Users/MacbookPro/.rvm/rubies/ruby-1.8.7-p302/lib/ruby/1.8/webrick/server.rb:82:in `start'
    /Users/MacbookPro/.rvm/gems/ruby-1.8.7-p302@relusions/gems/rack-1.1.0/lib/rack/handler/webrick.rb:14:in `run'
    /Users/MacbookPro/.rvm/gems/ruby-1.8.7-p302@relusions/gems/rails-2.3.8/lib/commands/server.rb:111
    /Users/MacbookPro/.rvm/rubies/ruby-1.8.7-p302/lib/ruby/site_ruby/1.8/rubygems/custom_require.rb:31:in `gem_original_require'
    /Users/MacbookPro/.rvm/rubies/ruby-1.8.7-p302/lib/ruby/site_ruby/1.8/rubygems/custom_require.rb:31:in `require'
    script/server:3


Processing ExamplesController#index (for 127.0.0.1 at 2010-12-21 14:08:00) [GET]
  [4;35;1mExample Load (0.5ms)[0m   [0mSELECT * FROM "examples" [0m

RuntimeError (This is my exception):
  app/controllers/examples_controller.rb:6:in `index'
  /Users/MacbookPro/.rvm/rubies/ruby-1.8.7-p302/lib/ruby/1.8/webrick/httpserver.rb:104:in `service'
  /Users/MacbookPro/.rvm/rubies/ruby-1.8.7-p302/lib/ruby/1.8/webrick/httpserver.rb:65:in `run'
  /Users/MacbookPro/.rvm/rubies/ruby-1.8.7-p302/lib/ruby/1.8/webrick/server.rb:173:in `start_thread'
  /Users/MacbookPro/.rvm/rubies/ruby-1.8.7-p302/lib/ruby/1.8/webrick/server.rb:162:in `start'
  /Users/MacbookPro/.rvm/rubies/ruby-1.8.7-p302/lib/ruby/1.8/webrick/server.rb:162:in `start_thread'
  /Users/MacbookPro/.rvm/rubies/ruby-1.8.7-p302/lib/ruby/1.8/webrick/server.rb:95:in `start'
  /Users/MacbookPro/.rvm/rubies/ruby-1.8.7-p302/lib/ruby/1.8/webrick/server.rb:92:in `each'
  /Users/MacbookPro/.rvm/rubies/ruby-1.8.7-p302/lib/ruby/1.8/webrick/server.rb:92:in `start'
  /Users/MacbookPro/.rvm/rubies/ruby-1.8.7-p302/lib/ruby/1.8/webrick/server.rb:23:in `start'
  /Users/MacbookPro/.rvm/rubies/ruby-1.8.7-p302/lib/ruby/1.8/webrick/server.rb:82:in `start'

Redirected to http://localhost:3000/
